<?xml version="1.0" encoding="UTF-8"?>
<!-- Generated by org.testng.reporters.JUnitReportReporter -->
<testsuite skipped="0" hostname="DESKTOP-747UFG3" name="com.dockervalidation.GridTesting" tests="2" failures="0" timestamp="27 Mar 2022 10:58:54 GMT" time="8.283" errors="0">
  <testcase name="TestCase002" time="4.501" classname="com.dockervalidation.GridTesting"/>
  <testcase name="TestCase001" time="3.782" classname="com.dockervalidation.GridTesting"/>
</testsuite> <!-- com.dockervalidation.GridTesting -->
